Flow report for Final_Project_emysliw2_grossfe2
Sat Dec 02 20:51:17 2017
Quartus II 64-Bit Version 15.0.0 Build 145 04/22/2015 SJ Web Edition


---------------------
; Table of Contents ;
---------------------
  1. Legal Notice
  2. Flow Summary
  3. Flow Settings
  4. Flow Non-Default Global Settings
  5. Flow Elapsed Time
  6. Flow OS Summary
  7. Flow Log
  8. Flow Messages
  9. Flow Suppressed Messages



----------------
; Legal Notice ;
----------------
Copyright (C) 1991-2015 Altera Corporation. All rights reserved.
Your use of Altera Corporation's design tools, logic functions 
and other software and tools, and its AMPP partner logic 
functions, and any output files from any of the foregoing 
(including device programming or simulation files), and any 
associated documentation or information are expressly subject 
to the terms and conditions of the Altera Program License 
Subscription Agreement, the Altera Quartus II License Agreement,
the Altera MegaCore Function License Agreement, or other 
applicable license agreement, including, without limitation, 
that your use is for the sole purpose of programming logic 
devices manufactured by Altera and sold by Altera or its 
authorized distributors.  Please refer to the applicable 
agreement for further details.



+---------------------------------------------------------------------------------+
; Flow Summary                                                                    ;
+------------------------------------+--------------------------------------------+
; Flow Status                        ; Successful - Sat Dec 02 20:51:17 2017      ;
; Quartus II 64-Bit Version          ; 15.0.0 Build 145 04/22/2015 SJ Web Edition ;
; Revision Name                      ; Final_Project_emysliw2_grossfe2            ;
; Top-level Entity Name              ; final_project                              ;
; Family                             ; Cyclone IV E                               ;
; Device                             ; EP4CE115F29C7                              ;
; Timing Models                      ; Final                                      ;
; Total logic elements               ; 4,110 / 114,480 ( 4 % )                    ;
;     Total combinational functions  ; 3,479 / 114,480 ( 3 % )                    ;
;     Dedicated logic registers      ; 2,256 / 114,480 ( 2 % )                    ;
; Total registers                    ; 2375                                       ;
; Total pins                         ; 128 / 529 ( 24 % )                         ;
; Total virtual pins                 ; 0                                          ;
; Total memory bits                  ; 11,392 / 3,981,312 ( < 1 % )               ;
; Embedded Multiplier 9-bit elements ; 30 / 532 ( 6 % )                           ;
; Total PLLs                         ; 1 / 4 ( 25 % )                             ;
+------------------------------------+--------------------------------------------+


+-----------------------------------------------------+
; Flow Settings                                       ;
+-------------------+---------------------------------+
; Option            ; Setting                         ;
+-------------------+---------------------------------+
; Start date & time ; 12/02/2017 20:49:31             ;
; Main task         ; Compilation                     ;
; Revision Name     ; Final_Project_emysliw2_grossfe2 ;
+-------------------+---------------------------------+


+--------------------------------------------------------------------------------------------------------------------------------------------------------------------------+
; Flow Non-Default Global Settings                                                                                                                                         ;
+-------------------------------------+---------------------------------------------------------------+---------------------------------+-----------------+----------------+
; Assignment Name                     ; Value                                                         ; Default Value                   ; Entity Name     ; Section Id     ;
+-------------------------------------+---------------------------------------------------------------+---------------------------------+-----------------+----------------+
; COMPILER_SIGNATURE_ID               ; 70975879546228.151226937106264                                ; --                              ; --              ; --             ;
; EDA_OUTPUT_DATA_FORMAT              ; Systemverilog Hdl                                             ; --                              ; --              ; eda_simulation ;
; EDA_SIMULATION_TOOL                 ; ModelSim-Altera (SystemVerilog)                               ; <None>                          ; --              ; --             ;
; MAX_CORE_JUNCTION_TEMP              ; 85                                                            ; --                              ; --              ; --             ;
; MIN_CORE_JUNCTION_TEMP              ; 0                                                             ; --                              ; --              ; --             ;
; MISC_FILE                           ; nios_system/synthesis/../nios_system.cmp                      ; --                              ; --              ; --             ;
; MISC_FILE                           ; nios_system/synthesis/../../nios_system.qsys                  ; --                              ; --              ; --             ;
; MISC_FILE                           ; vga_clk/synthesis/../vga_clk.cmp                              ; --                              ; --              ; --             ;
; MISC_FILE                           ; vga_clk/synthesis/../../vga_clk.qsys                          ; --                              ; --              ; --             ;
; NOMINAL_CORE_SUPPLY_VOLTAGE         ; 1.2V                                                          ; --                              ; --              ; --             ;
; PARTITION_COLOR                     ; 16764057                                                      ; --                              ; DE2_115_Default ; Top            ;
; PARTITION_COLOR                     ; 16764057                                                      ; --                              ; final_project   ; Top            ;
; PARTITION_COLOR                     ; 16764057                                                      ; --                              ; lab8            ; Top            ;
; PARTITION_FITTER_PRESERVATION_LEVEL ; PLACEMENT_AND_ROUTING                                         ; --                              ; DE2_115_Default ; Top            ;
; PARTITION_FITTER_PRESERVATION_LEVEL ; PLACEMENT_AND_ROUTING                                         ; --                              ; final_project   ; Top            ;
; PARTITION_FITTER_PRESERVATION_LEVEL ; PLACEMENT_AND_ROUTING                                         ; --                              ; lab8            ; Top            ;
; PARTITION_NETLIST_TYPE              ; SOURCE                                                        ; --                              ; DE2_115_Default ; Top            ;
; PARTITION_NETLIST_TYPE              ; SOURCE                                                        ; --                              ; final_project   ; Top            ;
; PARTITION_NETLIST_TYPE              ; SOURCE                                                        ; --                              ; lab8            ; Top            ;
; POWER_BOARD_THERMAL_MODEL           ; None (CONSERVATIVE)                                           ; --                              ; --              ; --             ;
; POWER_PRESET_COOLING_SOLUTION       ; 23 MM HEAT SINK WITH 200 LFPM AIRFLOW                         ; --                              ; --              ; --             ;
; PROJECT_OUTPUT_DIRECTORY            ; output_files                                                  ; --                              ; --              ; --             ;
; SLD_FILE                            ; nios_system/synthesis/nios_system.regmap                      ; --                              ; --              ; --             ;
; SLD_FILE                            ; nios_system/synthesis/nios_system.debuginfo                   ; --                              ; --              ; --             ;
; SLD_FILE                            ; vga_clk/synthesis/vga_clk.debuginfo                           ; --                              ; --              ; --             ;
; SLD_INFO                            ; QSYS_NAME nios_system HAS_SOPCINFO 1 GENERATION_ID 1511821248 ; --                              ; nios_system     ; --             ;
; SLD_INFO                            ; QSYS_NAME vga_clk HAS_SOPCINFO 1 GENERATION_ID 1507231446     ; --                              ; vga_clk         ; --             ;
; SOPCINFO_FILE                       ; nios_system/synthesis/../../nios_system.sopcinfo              ; --                              ; --              ; --             ;
; SOPCINFO_FILE                       ; vga_clk/synthesis/../../vga_clk.sopcinfo                      ; --                              ; --              ; --             ;
; SYNTHESIS_ONLY_QIP                  ; On                                                            ; --                              ; --              ; --             ;
; SYNTHESIS_ONLY_QIP                  ; On                                                            ; --                              ; --              ; --             ;
; TOP_LEVEL_ENTITY                    ; final_project                                                 ; Final_Project_emysliw2_grossfe2 ; --              ; --             ;
+-------------------------------------+---------------------------------------------------------------+---------------------------------+-----------------+----------------+


+-------------------------------------------------------------------------------------------------------------------------------+
; Flow Elapsed Time                                                                                                             ;
+---------------------------+--------------+-------------------------+---------------------+------------------------------------+
; Module Name               ; Elapsed Time ; Average Processors Used ; Peak Virtual Memory ; Total CPU Time (on all processors) ;
+---------------------------+--------------+-------------------------+---------------------+------------------------------------+
; Analysis & Synthesis      ; 00:00:37     ; 1.0                     ; 920 MB              ; 00:01:07                           ;
; Fitter                    ; 00:00:42     ; 1.4                     ; 2109 MB             ; 00:01:03                           ;
; Assembler                 ; 00:00:05     ; 1.0                     ; 664 MB              ; 00:00:05                           ;
; TimeQuest Timing Analyzer ; 00:00:04     ; 3.3                     ; 946 MB              ; 00:00:05                           ;
; EDA Netlist Writer        ; 00:00:06     ; 1.0                     ; 682 MB              ; 00:00:05                           ;
; Total                     ; 00:01:34     ; --                      ; --                  ; 00:02:25                           ;
+---------------------------+--------------+-------------------------+---------------------+------------------------------------+


+----------------------------------------------------------------------------------------+
; Flow OS Summary                                                                        ;
+---------------------------+------------------+-----------+------------+----------------+
; Module Name               ; Machine Hostname ; OS Name   ; OS Version ; Processor type ;
+---------------------------+------------------+-----------+------------+----------------+
; Analysis & Synthesis      ; DESKTOP-8K7LT1J  ; Windows 7 ; 6.2        ; x86_64         ;
; Fitter                    ; DESKTOP-8K7LT1J  ; Windows 7 ; 6.2        ; x86_64         ;
; Assembler                 ; DESKTOP-8K7LT1J  ; Windows 7 ; 6.2        ; x86_64         ;
; TimeQuest Timing Analyzer ; DESKTOP-8K7LT1J  ; Windows 7 ; 6.2        ; x86_64         ;
; EDA Netlist Writer        ; DESKTOP-8K7LT1J  ; Windows 7 ; 6.2        ; x86_64         ;
+---------------------------+------------------+-----------+------------+----------------+


------------
; Flow Log ;
------------
quartus_map --read_settings_files=on --write_settings_files=off Final_Project_emysliw2_grossfe2 -c Final_Project_emysliw2_grossfe2
quartus_fit --read_settings_files=off --write_settings_files=off Final_Project_emysliw2_grossfe2 -c Final_Project_emysliw2_grossfe2
quartus_asm --read_settings_files=off --write_settings_files=off Final_Project_emysliw2_grossfe2 -c Final_Project_emysliw2_grossfe2
quartus_sta Final_Project_emysliw2_grossfe2 -c Final_Project_emysliw2_grossfe2
quartus_eda --read_settings_files=off --write_settings_files=off Final_Project_emysliw2_grossfe2 -c Final_Project_emysliw2_grossfe2



